#
# A fatal error has been detected by the Java Runtime Environment:
#
#  EXCEPTION_ACCESS_VIOLATION (0xc0000005) at pc=0x0000000000000000, pid=3424, tid=8016
#
# JRE version: Java(TM) SE Runtime Environment (7.0_45-b18) (build 1.7.0_45-b18)
# Java VM: Java HotSpot(TM) 64-Bit Server VM (24.45-b08 mixed mode windows-amd64 compressed oops)
# Problematic frame:
# C  0x0000000000000000
#
# Failed to write core dump. Minidumps are not enabled by default on client versions of Windows
#
# If you would like to submit a bug report, please visit:
#   http://bugreport.sun.com/bugreport/crash.jsp
#

---------------  T H R E A D  ---------------

Current thread (0x000000000a60c800):  VMThread [stack: 0x000000000b620000,0x000000000b720000] [id=8016]

siginfo: ExceptionCode=0xc0000005, ExceptionInformation=0x0000000000000008 0x0000000000000000

Registers:
RAX=0x00000000116e9510, RBX=0x000000000f487b60, RCX=0x000000000f487f30, RDX=0x0000000000000000
RSP=0x000000000b71f018, RBP=0x000000000a505400, RSI=0x000007fed88b4ef0, RDI=0x000000000f487b60
R8 =0x0000000000000001, R9 =0x0000000000000086, R10=0x0000000000000043, R11=0x0000000000000003
R12=0x0000000000000001, R13=0x000000000b60f200, R14=0x000000000b60ef90, R15=0x0000000000000000
RIP=0x0000000000000000, EFLAGS=0x0000000000010246

Top of Stack: (sp=0x000000000b71f018)
0x000000000b71f018:   000007fed82f3007 000000000f487b60
0x000000000b71f028:   000000000a505400 000007fed88b4ef0
0x000000000b71f038:   0000000077423c2a 000007fed88b4e58
0x000000000b71f048:   000007fed85e6070 000000000f487b60
0x000000000b71f058:   000000000b60ef90 0000000000000000
0x000000000b71f068:   0000000000000001 000000000b60f0e0
0x000000000b71f078:   000007fed85347e5 000007fed85e6040
0x000000000b71f088:   000000000b60ef90 000000000f777da0
0x000000000b71f098:   0000000077423c2a 000000000b60f0e0
0x000000000b71f0a8:   000000000b60ef90 000000000b60ef90
0x000000000b71f0b8:   000000000b60f200 0000000077522670
0x000000000b71f0c8:   0000000077527be0 000007fffffac000
0x000000000b71f0d8:   000007fed8060000 0000000000000001
0x000000000b71f0e8:   000007fed85278b6 0000000000000001
0x000000000b71f0f8:   0000000000000001 0000000000000001
0x000000000b71f108:   0000000077527be0 0000000000000000 

Instructions: (pc=0x0000000000000000)
0xffffffffffffffe0:   


Register to memory mapping:

RAX=0x00000000116e9510 is an unknown value
RBX=0x000000000f487b60 is an unknown value
RCX=0x000000000f487f30 is an unknown value
RDX=0x0000000000000000 is an unknown value
RSP=0x000000000b71f018 is an unknown value
RBP=0x000000000a505400 is an unknown value
RSI=0x000007fed88b4ef0 is an unknown value
RDI=0x000000000f487b60 is an unknown value
R8 =0x0000000000000001 is an unknown value
R9 =0x0000000000000086 is an unknown value
R10=0x0000000000000043 is an unknown value
R11=0x0000000000000003 is an unknown value
R12=0x0000000000000001 is an unknown value
R13=0x000000000b60f200 is an unknown value
R14=0x000000000b60ef90 is an unknown value
R15=0x0000000000000000 is an unknown value


Stack: [0x000000000b620000,0x000000000b720000],  sp=0x000000000b71f018,  free space=1020k
VM_Operation (0x000000000e21d420): Exit, mode: safepoint, requested by thread 0x000000000c1cb800


---------------  P R O C E S S  ---------------

Java Threads: ( => current thread )
  0x00000000020be800 JavaThread "DestroyJavaVM" [_thread_blocked, id=3404, stack(0x0000000002380000,0x0000000002480000)]
  0x000000000c1cb800 JavaThread "AWT-EventQueue-0" [_thread_blocked, id=720, stack(0x000000000e120000,0x000000000e220000)]
  0x000000000c1b4800 JavaThread "AWT-Shutdown" [_thread_blocked, id=7856, stack(0x000000000d8f0000,0x000000000d9f0000)]
  0x000000000c12a000 JavaThread "Java2D Disposer" daemon [_thread_blocked, id=6420, stack(0x000000000d7b0000,0x000000000d8b0000)]
  0x000000000a67a000 JavaThread "Service Thread" daemon [_thread_blocked, id=5244, stack(0x000000000bcb0000,0x000000000bdb0000)]
  0x000000000a678800 JavaThread "C2 CompilerThread1" daemon [_thread_blocked, id=7496, stack(0x000000000ba90000,0x000000000bb90000)]
  0x000000000a673800 JavaThread "C2 CompilerThread0" daemon [_thread_blocked, id=7736, stack(0x000000000be00000,0x000000000bf00000)]
  0x000000000a672800 JavaThread "Attach Listener" daemon [_thread_blocked, id=3640, stack(0x000000000bbb0000,0x000000000bcb0000)]
  0x000000000a66b800 JavaThread "Signal Dispatcher" daemon [_thread_blocked, id=7876, stack(0x000000000b740000,0x000000000b840000)]
  0x000000000a616800 JavaThread "Finalizer" daemon [_thread_in_native, id=5260, stack(0x000000000b990000,0x000000000ba90000)]
  0x000000000a60f800 JavaThread "Reference Handler" daemon [_thread_blocked, id=7268, stack(0x000000000b870000,0x000000000b970000)]

Other Threads:
=>0x000000000a60c800 VMThread [stack: 0x000000000b620000,0x000000000b720000] [id=8016]

VM state:at safepoint (shutting down)

VM Mutex/Monitor currently owned by a thread:  ([mutex/lock_event])
[0x00000000020bbfd0] Threads_lock - owner thread: 0x000000000a60c800

Heap
 PSYoungGen      total 36352K, used 6212K [0x00000000d7800000, 0x00000000da080000, 0x0000000100000000)
  eden space 31232K, 7% used [0x00000000d7800000,0x00000000d7a242d0,0x00000000d9680000)
  from space 5120K, 78% used [0x00000000d9680000,0x00000000d9a6ce40,0x00000000d9b80000)
  to   space 5120K, 0% used [0x00000000d9b80000,0x00000000d9b80000,0x00000000da080000)
 ParOldGen       total 82944K, used 8K [0x0000000086800000, 0x000000008b900000, 0x00000000d7800000)
  object space 82944K, 0% used [0x0000000086800000,0x0000000086802000,0x000000008b900000)
 PSPermGen       total 21504K, used 13620K [0x0000000081600000, 0x0000000082b00000, 0x0000000086800000)
  object space 21504K, 63% used [0x0000000081600000,0x000000008234d0e0,0x0000000082b00000)

Card table byte_map: [0x0000000005480000,0x0000000005880000] byte_map_base: 0x0000000005075000

Polling page: 0x0000000000120000

Code Cache  [0x0000000002480000, 0x00000000026f0000, 0x0000000005480000)
 total_blobs=685 nmethods=48 adapters=589 free_code_cache=48452Kb largest_free_block=49588096

Compilation events (10 events):
Event: 3.715 Thread 0x000000000a673800   43             sun.nio.cs.SingleByte$Encoder::encode (32 bytes)
Event: 3.716 Thread 0x000000000a673800 nmethod 43 0x000000000252e750 code [0x000000000252e8a0, 0x000000000252e998]
Event: 4.035 Thread 0x000000000a678800   45             java.util.HashMap::get (29 bytes)
Event: 4.038 Thread 0x000000000a678800 nmethod 45 0x000000000252ddd0 code [0x000000000252df40, 0x000000000252e158]
Event: 5.905 Thread 0x000000000a673800   46             java.util.ArrayList::rangeCheck (22 bytes)
Event: 5.905 Thread 0x000000000a678800   47             java.util.ArrayList::elementData (7 bytes)
Event: 5.906 Thread 0x000000000a673800 nmethod 46 0x000000000252db90 code [0x000000000252dcc0, 0x000000000252dd38]
Event: 5.906 Thread 0x000000000a678800 nmethod 47 0x00000000025326d0 code [0x0000000002532800, 0x0000000002532898]
Event: 6.009 Thread 0x000000000a673800   48             java.util.ArrayList::get (11 bytes)
Event: 6.010 Thread 0x000000000a673800 nmethod 48 0x0000000002532410 code [0x0000000002532540, 0x00000000025325d8]

GC Heap History (2 events):
Event: 8.802 GC heap before
{Heap before GC invocations=1 (full 0):
 PSYoungGen      total 36352K, used 31232K [0x00000000d7800000, 0x00000000da080000, 0x0000000100000000)
  eden space 31232K, 100% used [0x00000000d7800000,0x00000000d9680000,0x00000000d9680000)
  from space 5120K, 0% used [0x00000000d9b80000,0x00000000d9b80000,0x00000000da080000)
  to   space 5120K, 0% used [0x00000000d9680000,0x00000000d9680000,0x00000000d9b80000)
 ParOldGen       total 82944K, used 0K [0x0000000086800000, 0x000000008b900000, 0x00000000d7800000)
  object space 82944K, 0% used [0x0000000086800000,0x0000000086800000,0x000000008b900000)
 PSPermGen       total 21504K, used 13619K [0x0000000081600000, 0x0000000082b00000, 0x0000000086800000)
  object space 21504K, 63% used [0x0000000081600000,0x000000008234cf58,0x0000000082b00000)
Event: 8.810 GC heap after
Heap after GC invocations=1 (full 0):
 PSYoungGen      total 36352K, used 4019K [0x00000000d7800000, 0x00000000da080000, 0x0000000100000000)
  eden space 31232K, 0% used [0x00000000d7800000,0x00000000d7800000,0x00000000d9680000)
  from space 5120K, 78% used [0x00000000d9680000,0x00000000d9a6ce40,0x00000000d9b80000)
  to   space 5120K, 0% used [0x00000000d9b80000,0x00000000d9b80000,0x00000000da080000)
 ParOldGen       total 82944K, used 8K [0x0000000086800000, 0x000000008b900000, 0x00000000d7800000)
  object space 82944K, 0% used [0x0000000086800000,0x0000000086802000,0x000000008b900000)
 PSPermGen       total 21504K, used 13619K [0x0000000081600000, 0x0000000082b00000, 0x0000000086800000)
  object space 21504K, 63% used [0x0000000081600000,0x000000008234cf58,0x0000000082b00000)
}

Deoptimization events (4 events):
Event: 0.437 Thread 0x00000000020be800 Uncommon trap: reason=class_check action=maybe_recompile pc=0x00000000024f8990 method=java.util.Properties$LineReader.readLine()I @ 62
Event: 0.437 Thread 0x00000000020be800 Uncommon trap: reason=class_check action=maybe_recompile pc=0x00000000024f8990 method=java.util.Properties$LineReader.readLine()I @ 62
Event: 0.437 Thread 0x00000000020be800 Uncommon trap: reason=class_check action=maybe_recompile pc=0x00000000024f8990 method=java.util.Properties$LineReader.readLine()I @ 62
Event: 0.447 Thread 0x00000000020be800 Uncommon trap: reason=class_check action=maybe_recompile pc=0x00000000024f8990 method=java.util.Properties$LineReader.readLine()I @ 62

Internal exceptions (10 events):
Event: 0.990 Thread 0x00000000020be800 Threw 0x00000000d8500170 at C:\re\jdk7u45\229\hotspot\src\share\vm\prims\jvm.cpp:1244
Event: 0.992 Thread 0x00000000020be800 Threw 0x00000000d85043e8 at C:\re\jdk7u45\229\hotspot\src\share\vm\prims\jvm.cpp:1244
Event: 0.992 Thread 0x00000000020be800 Threw 0x00000000d8507ee8 at C:\re\jdk7u45\229\hotspot\src\share\vm\prims\jvm.cpp:1244
Event: 0.994 Thread 0x00000000020be800 Threw 0x00000000d851c138 at C:\re\jdk7u45\229\hotspot\src\share\vm\prims\jvm.cpp:1244
Event: 0.994 Thread 0x00000000020be800 Threw 0x00000000d85217a8 at C:\re\jdk7u45\229\hotspot\src\share\vm\prims\jvm.cpp:1244
Event: 0.995 Thread 0x00000000020be800 Threw 0x00000000d8525898 at C:\re\jdk7u45\229\hotspot\src\share\vm\prims\jvm.cpp:1244
Event: 0.999 Thread 0x00000000020be800 Threw 0x00000000d8551cf8 at C:\re\jdk7u45\229\hotspot\src\share\vm\prims\jvm.cpp:1244
Event: 8.802 Thread 0x000000000c20c000 Threw 0x00000000d955e9c0 at C:\re\jdk7u45\229\hotspot\src\share\vm\prims\jvm.cpp:1244
Event: 8.810 Thread 0x000000000c20c000 Threw 0x00000000d789ca58 at C:\re\jdk7u45\229\hotspot\src\share\vm\prims\jvm.cpp:1244
Event: 8.811 Thread 0x000000000c20c000 Threw 0x00000000d789de90 at C:\re\jdk7u45\229\hotspot\src\share\vm\prims\jvm.cpp:1244

Events (10 events):
Event: 8.810 loading class 0x000000000bffe4a0
Event: 8.810 loading class 0x000000000bffe4a0 done
Event: 8.814 Executing VM operation: RevokeBias
Event: 8.814 Executing VM operation: RevokeBias done
Event: 8.814 Thread 0x000000000c20c000 Thread exited: 0x000000000c20c000
Event: 8.814 Executing VM operation: RevokeBias
Event: 8.814 Executing VM operation: RevokeBias done
Event: 8.815 Thread 0x000000000c1b7800 Thread exited: 0x000000000c1b7800
Event: 8.913 Thread 0x000000000bf3b000 Thread exited: 0x000000000bf3b000
Event: 8.913 Executing VM operation: Exit


Dynamic libraries:
0x000000013fa10000 - 0x000000013fa43000 	C:\Program Files\Java\jre7\bin\javaw.exe
0x00000000773f0000 - 0x0000000077599000 	C:\Windows\SYSTEM32\ntdll.dll
0x00000000772d0000 - 0x00000000773ef000 	C:\Windows\system32\kernel32.dll
0x000007fefd540000 - 0x000007fefd5ab000 	C:\Windows\system32\KERNELBASE.dll
0x000007fefe1e0000 - 0x000007fefe2bb000 	C:\Windows\system32\ADVAPI32.dll
0x000007fefdec0000 - 0x000007fefdf5f000 	C:\Windows\system32\msvcrt.dll
0x000007feff6e0000 - 0x000007feff6ff000 	C:\Windows\SYSTEM32\sechost.dll
0x000007feff520000 - 0x000007feff64d000 	C:\Windows\system32\RPCRT4.dll
0x00000000771d0000 - 0x00000000772ca000 	C:\Windows\system32\USER32.dll
0x000007feff670000 - 0x000007feff6d7000 	C:\Windows\system32\GDI32.dll
0x000007fefd920000 - 0x000007fefd92e000 	C:\Windows\system32\LPK.dll
0x000007fefdf60000 - 0x000007fefe029000 	C:\Windows\system32\USP10.dll
0x000007fefaaa0000 - 0x000007fefac94000 	C:\Windows\WinSxS\amd64_microsoft.windows.common-controls_6595b64144ccf1df_6.0.7601.17514_none_fa396087175ac9ac\COMCTL32.dll
0x000007feff270000 - 0x000007feff2e1000 	C:\Windows\system32\SHLWAPI.dll
0x000007feff4f0000 - 0x000007feff51e000 	C:\Windows\system32\IMM32.DLL
0x000007fefd7b0000 - 0x000007fefd8b9000 	C:\Windows\system32\MSCTF.dll
0x000000005ed00000 - 0x000000005edd2000 	C:\Program Files\Java\jre7\bin\msvcr100.dll
0x0000000058060000 - 0x0000000058829000 	C:\Program Files\Java\jre7\bin\server\jvm.dll
0x000007fef7370000 - 0x000007fef7379000 	C:\Windows\system32\WSOCK32.dll
0x000007fefe030000 - 0x000007fefe07d000 	C:\Windows\system32\WS2_32.dll
0x000007fefe4d0000 - 0x000007fefe4d8000 	C:\Windows\system32\NSI.dll
0x000007fef9370000 - 0x000007fef93ab000 	C:\Windows\system32\WINMM.dll
0x00000000775c0000 - 0x00000000775c7000 	C:\Windows\system32\PSAPI.DLL
0x00000000688e0000 - 0x00000000688ef000 	C:\Program Files\Java\jre7\bin\verify.dll
0x00000000688b0000 - 0x00000000688d8000 	C:\Program Files\Java\jre7\bin\java.dll
0x0000000068890000 - 0x00000000688a5000 	C:\Program Files\Java\jre7\bin\zip.dll
0x00000000716a0000 - 0x00000000716ab000 	C:\Program Files\Java\jre7\bin\management.dll
0x0000000068870000 - 0x0000000068889000 	C:\Program Files\Java\jre7\bin\net.dll
0x000007fefca10000 - 0x000007fefca65000 	C:\Windows\system32\mswsock.dll
0x000007fefca00000 - 0x000007fefca07000 	C:\Windows\System32\wship6.dll
0x0000000068850000 - 0x0000000068861000 	C:\Program Files\Java\jre7\bin\nio.dll
0x000007fefb190000 - 0x000007fefb1a5000 	C:\Windows\system32\NLAapi.dll
0x000007feefa50000 - 0x000007feefa65000 	C:\Windows\system32\napinsp.dll
0x000007feefa30000 - 0x000007feefa49000 	C:\Windows\system32\pnrpnsp.dll
0x000007fefc890000 - 0x000007fefc8eb000 	C:\Windows\system32\DNSAPI.dll
0x000007feefa20000 - 0x000007feefa2b000 	C:\Windows\System32\winrnr.dll
0x000007feefa10000 - 0x000007feefa20000 	C:\Windows\system32\wshbth.dll
0x0000000063560000 - 0x0000000063569000 	C:\Program Files\National Instruments\Shared\mDNS Responder\nimdnsNSP.dll
0x0000000063550000 - 0x000000006355e000 	C:\Windows\system32\nimdnsResponder.dll
0x000000006bdf0000 - 0x000000006be93000 	C:\Windows\WinSxS\amd64_microsoft.vc90.crt_1fc8b3b9a1e18e3b_9.0.30729.6161_none_08e61857a83bc251\MSVCR90.dll
0x000007fefaa20000 - 0x000007fefaa47000 	C:\Windows\system32\Iphlpapi.DLL
0x000007fefaa10000 - 0x000007fefaa1b000 	C:\Windows\system32\WINNSI.DLL
0x000007fefc3d0000 - 0x000007fefc3d7000 	C:\Windows\System32\wshtcpip.dll
0x000007fef3bf0000 - 0x000007fef3bf8000 	C:\Windows\system32\rasadhlp.dll
0x000007fefa8a0000 - 0x000007fefa8f3000 	C:\Windows\System32\fwpuclnt.dll
0x0000000071500000 - 0x0000000071695000 	C:\Program Files\Java\jre7\bin\awt.dll
0x000007fefe100000 - 0x000007fefe1d7000 	C:\Windows\system32\OLEAUT32.dll
0x000007fefe2c0000 - 0x000007fefe4c3000 	C:\Windows\system32\ole32.dll
0x000007fef9c00000 - 0x000007fef9c18000 	C:\Windows\system32\DWMAPI.DLL
0x000007fef9ca0000 - 0x000007fef9cf6000 	C:\Windows\system32\uxtheme.dll
0x000007fefd0d0000 - 0x000007fefd0df000 	C:\Windows\system32\CRYPTBASE.dll
0x000007fefe4e0000 - 0x000007feff268000 	C:\Windows\system32\SHELL32.dll
0x00000000714b0000 - 0x00000000714f6000 	C:\Program Files\Java\jre7\bin\fontmanager.dll
0x000007fed8060000 - 0x000007fed8908000 	C:\OpenCV\opencv\build\java\x64\opencv_java248.dll
0x000007feefc50000 - 0x000007feefc6f000 	C:\Windows\system32\AVIFIL32.dll
0x000007fef8a50000 - 0x000007fef8a68000 	C:\Windows\system32\MSACM32.dll
0x000007feefb40000 - 0x000007feefb69000 	C:\Windows\system32\MSVFW32.dll
0x000007feefc30000 - 0x000007feefc47000 	C:\Windows\system32\AVICAP32.dll
0x000007fefc300000 - 0x000007fefc30c000 	C:\Windows\system32\VERSION.dll
0x0000000071460000 - 0x00000000714a1000 	C:\Program Files\Java\jre7\bin\t2k.dll
0x000007feff2f0000 - 0x000007feff389000 	C:\Windows\system32\CLBCatQ.DLL
0x000007fee0900000 - 0x000007fee0916000 	C:\Windows\system32\devenum.dll
0x000007fefd5d0000 - 0x000007fefd7a7000 	C:\Windows\system32\setupapi.dll
0x000007fefd3c0000 - 0x000007fefd3f6000 	C:\Windows\system32\CFGMGR32.dll
0x000007fefd510000 - 0x000007fefd52a000 	C:\Windows\system32\DEVOBJ.dll
0x000007fefc050000 - 0x000007fefc07d000 	C:\Windows\system32\ntmarta.dll
0x000007fefd8c0000 - 0x000007fefd912000 	C:\Windows\system32\WLDAP32.dll
0x000007fefd420000 - 0x000007fefd45a000 	C:\Windows\system32\WINTRUST.dll
0x000007fefd250000 - 0x000007fefd3bc000 	C:\Windows\system32\CRYPT32.dll
0x000007fefd240000 - 0x000007fefd24f000 	C:\Windows\system32\MSASN1.dll
0x000007fedeb90000 - 0x000007fedeb9d000 	C:\Windows\system32\msdmo.dll
0x000007fee1db0000 - 0x000007fee1ddf000 	C:\Windows\system32\qcap.dll
0x000007fed91c0000 - 0x000007fed9372000 	C:\Windows\system32\quartz.dll
0x000007fed97a0000 - 0x000007fed9861000 	C:\Windows\system32\LcProxy2.ax
0x0000000072400000 - 0x0000000072406000 	C:\Windows\system32\ksuser.dll
0x000007feda680000 - 0x000007feda6c1000 	C:\Windows\system32\ksproxy.ax
0x000007fed95a0000 - 0x000007fed979f000 	C:\Windows\system32\d3d9.dll
0x000007fee08d0000 - 0x000007fee08d7000 	C:\Windows\system32\d3d8thk.dll
0x000007fedf860000 - 0x000007fedf86b000 	C:\Windows\system32\vidcap.ax
0x000007fede890000 - 0x000007fede8b4000 	C:\Windows\system32\kswdmcap.ax
0x000007fed9440000 - 0x000007fed959c000 	C:\Windows\system32\MFC42.dll
0x000007fed9380000 - 0x000007fed9431000 	C:\Windows\system32\ODBC32.dll
0x000000005e570000 - 0x000000005e5a8000 	C:\Windows\system32\odbcint.dll
0x000007fed9870000 - 0x000007fed999e000 	C:\Program Files\Microsoft LifeCam\CAL264.dll
0x000000005f1b0000 - 0x000000005f283000 	C:\Windows\WinSxS\amd64_microsoft.vc90.crt_1fc8b3b9a1e18e3b_9.0.30729.6161_none_08e61857a83bc251\MSVCP90.dll
0x000007fef8ad0000 - 0x000007fef8adb000 	C:\Windows\system32\HID.DLL
0x000007fefa2d0000 - 0x000007fefa4c1000 	C:\Windows\System32\msxml6.dll
0x000007fee0950000 - 0x000007fee09eb000 	C:\Windows\System32\qedit.dll
0x000007fefd930000 - 0x000007fefd9c7000 	C:\Windows\system32\COMDLG32.dll
0x000007fef93b0000 - 0x000007fef95c6000 	C:\Windows\WinSxS\amd64_microsoft.windows.gdiplus_6595b64144ccf1df_1.1.7601.18120_none_2b25b14c71ebf230\gdiplus.dll
0x000007feda780000 - 0x000007feda871000 	C:\Windows\system32\DDRAW.dll
0x000007feefd90000 - 0x000007feefd98000 	C:\Windows\system32\DCIMAN32.dll
0x000007fefaf20000 - 0x000007fefaf2b000 	C:\Windows\system32\msyuv.dll
0x000007fee2210000 - 0x000007fee2335000 	C:\Windows\system32\dbghelp.dll

VM Arguments:
jvm_args: -Djava.library.path=C:\OpenCV\opencv\build\java\x64 -Dfile.encoding=Cp1252 
java_command: org.bullbots.visionprocessing.VisionProcessor
Launcher Type: SUN_STANDARD

Environment Variables:
PATH=C:\Program Files (x86)\Intel\iCLS Client\;C:\Program Files\Intel\iCLS Client\;C:\Windows\system32;C:\Windows;C:\Windows\System32\Wbem;C:\Windows\System32\WindowsPowerShell\v1.0\;C:\Program Files\Intel\Intel(R) Management Engine Components\DAL;C:\Program Files\Intel\Intel(R) Management Engine Components\IPT;C:\Program Files (x86)\Intel\Intel(R) Management Engine Components\DAL;C:\Program Files (x86)\Intel\Intel(R) Management Engine Components\IPT;C:\Program Files (x86)\Intel\OpenCL SDK\2.0\bin\x86;C:\Program Files (x86)\Intel\OpenCL SDK\2.0\bin\x64;C:\Program Files\Intel\WiFi\bin\;C:\Program Files\Common Files\Intel\WirelessCommon\;C:\SWTOOLS\ReadyApps;C:\Program Files (x86)\Common Files\Lenovo;C:\Program Files (x86)\Bitvise SSH Client;C:\Program Files (x86)\Java\jre7\bin;c:\OpenCV\opencv\build\x64\vc10\bin
USERNAME=Bullbots
OS=Windows_NT
PROCESSOR_IDENTIFIER=Intel64 Family 6 Model 58 Stepping 9, GenuineIntel



---------------  S Y S T E M  ---------------

OS: Windows 7 , 64 bit Build 7601 Service Pack 1

CPU:total 4 (2 cores per cpu, 2 threads per core) family 6 model 58 stepping 9, cmov, cx8, fxsr, mmx, sse, sse2, sse3, ssse3, sse4.1, sse4.2, popcnt, avx, aes, erms, ht, tsc, tscinvbit, tscinv

Memory: 4k page, physical 7962208k(5107076k free), swap 15922552k(12546988k free)

vm_info: Java HotSpot(TM) 64-Bit Server VM (24.45-b08) for windows-amd64 JRE (1.7.0_45-b18), built on Oct  8 2013 05:47:22 by "java_re" with unknown MS VC++:1600

time: Sun Feb 09 11:07:12 2014
elapsed time: 9 seconds

